*** Using Compiler 'V5.06 update 3 (build 300)', folder: 'C:\Keil_v5\ARM\ARMCC\Bin'
Build target 'T9INPUT'
compiling main.c...
main.c(44): warning:  #177-D: variable "i" was declared but never referenced
  	u16 i;
main.c(94): warning:  #177-D: variable "j" was declared but never referenced
  	u16 i,j;
main.c(196): warning:  #550-D: variable "result_num" was set but never used
  	u8 result_num;
main.c(197): warning:  #550-D: variable "cur_index" was set but never used
  	u8 cur_index;
main.c(198): warning:  #550-D: variable "key" was set but never used
  	u8 key;
main.c(201): warning:  #550-D: variable "inputlen" was set but never used
  	u8 inputlen;		            //???ë³???
main.c(202): warning:  #177-D: variable "j" was declared but never referenced
  	u8 j=0,t=0;
main.c(202): warning:  #177-D: variable "t" was declared but never referenced
  	u8 j=0,t=0;
main.c(203): warning:  #177-D: variable "cnt" was declared but never referenced
  	u8 cnt=0;
main.c(207): warning:  #177-D: variable "count2" was declared but never referenced
  	u8 count2 = 0;
main.c: 10 warnings, 0 errors
linking...
Program Size: Code=45888 RO-data=19352 RW-data=204 ZI-data=33746724  
FromELF: creating hex file...
"..\OBJ\T9INPUT.axf" - 0 Error(s), 10 Warning(s).
Build Time Elapsed:  00:00:02
